<?xml version="1.0" encoding="UTF-8"?>
<!-- Generated by org.testng.reporters.JUnitReportReporter -->
<testsuite hostname="Sasikumar" failures="0" tests="4" name="org.adactin.tests.AdactinOpertions" time="1.810" errors="0" timestamp="2025-04-04T12:33:18 IST" skipped="0">
  <testcase classname="org.adactin.tests.AdactinOpertions" name="SearchHotels" time="0.140"/>
  <testcase classname="org.adactin.tests.AdactinOpertions" name="AdactinLogin" time="1.091"/>
  <testcase classname="org.adactin.tests.AdactinOpertions" name="SearchHotels" time="0.349"/>
  <testcase classname="org.adactin.tests.AdactinOpertions" name="SearchHotels" time="0.230"/>
</testsuite> <!-- org.adactin.tests.AdactinOpertions -->
