<?xml version="1.0" encoding="UTF-8"?>
<!-- Generated by org.testng.reporters.JUnitReportReporter -->
<testsuite hostname="Sasikumar" failures="0" tests="3" name="org.googles.Google" time="9.134" errors="0" timestamp="2025-05-07T11:28:43 IST" skipped="0">
  <testcase classname="org.googles.Google" name="testName" time="0.006"/>
  <testcase classname="org.googles.Google" name="clickGmail" time="7.982"/>
  <testcase classname="org.googles.Google" name="capture" time="1.146"/>
</testsuite> <!-- org.googles.Google -->
