<?xml version="1.0" encoding="UTF-8"?>
<!-- Generated by org.testng.reporters.JUnitReportReporter -->
<testsuite hostname="Sasikumar" failures="0" tests="1" name="org.adactin.tests.AdactinOpertions" time="2.214" errors="0" timestamp="2025-04-22T12:44:06 IST" skipped="0">
  <testcase classname="org.adactin.tests.AdactinOpertions" name="FaceBook" time="2.214"/>
</testsuite> <!-- org.adactin.tests.AdactinOpertions -->
