<?xml version="1.0" encoding="UTF-8"?>
<!-- Generated by org.testng.reporters.JUnitReportReporter -->
<testsuite hostname="Sasikumar" failures="0" tests="1" name="org.today.tasks.Customized" time="2.959" errors="0" timestamp="2025-04-23T12:56:05 IST" skipped="0">
  <testcase classname="org.today.tasks.Customized" name="testName" time="2.959"/>
</testsuite> <!-- org.today.tasks.Customized -->
