<?xml version="1.0" encoding="UTF-8"?>
<!-- Generated by org.testng.reporters.JUnitReportReporter -->
<testsuite hostname="Sasikumar" failures="0" tests="1" name="orgs.listieners.DemoOne" time="0.025" errors="0" timestamp="2025-05-05T12:16:57 IST" skipped="0">
  <testcase classname="orgs.listieners.DemoOne" name="testName" time="0.025"/>
</testsuite> <!-- orgs.listieners.DemoOne -->
