<?xml version="1.0" encoding="UTF-8"?>
<!-- Generated by org.testng.reporters.JUnitReportReporter -->
<testsuite hostname="Sasikumar" failures="0" tests="1" name="org.adactin.tests.Demo" time="8.380" errors="0" timestamp="2025-04-03T11:31:35 IST" skipped="0">
  <testcase classname="org.adactin.tests.Demo" name="testName" time="8.380"/>
</testsuite> <!-- org.adactin.tests.Demo -->
