<?xml version="1.0" encoding="UTF-8"?>
<!-- Generated by org.testng.reporters.JUnitReportReporter -->
<testsuite hostname="Sasikumar" failures="0" tests="3" name="org.googles.Google" time="4.993" errors="0" timestamp="2025-05-06T15:55:37 IST" skipped="0">
  <testcase classname="org.googles.Google" name="capture" time="0.203"/>
  <testcase classname="org.googles.Google" name="testName" time="0.003"/>
  <testcase classname="org.googles.Google" name="clickGmail" time="4.787"/>
</testsuite> <!-- org.googles.Google -->
