<?xml version="1.0" encoding="UTF-8"?>
<!-- Generated by org.testng.reporters.JUnitReportReporter -->
<testsuite hostname="Sasikumar" failures="0" tests="1" name="org.adactin.tests.AdactinOpertions" time="1.840" errors="0" timestamp="2025-04-02T11:57:56 IST" skipped="0">
  <testcase classname="org.adactin.tests.AdactinOpertions" name="firstOne" time="1.840"/>
</testsuite> <!-- org.adactin.tests.AdactinOpertions -->
