<?xml version="1.0" encoding="UTF-8"?>
<!-- Generated by org.testng.reporters.JUnitReportReporter -->
<testsuite hostname="Sasikumar" failures="0" tests="2" name="org.today.tasks.Base" time="3.658" errors="0" timestamp="2025-04-24T14:15:59 IST" skipped="0">
  <testcase classname="org.today.tasks.Base" name="testNames" time="0.003"/>
  <testcase classname="org.today.tasks.Base" name="testName" time="3.655"/>
</testsuite> <!-- org.today.tasks.Base -->
