<?xml version="1.0" encoding="UTF-8"?>
<!-- Generated by org.testng.reporters.JUnitReportReporter -->
<testsuite hostname="Sasikumar" failures="0" tests="1" name="org.selendie.learns.Demo" time="0.111" errors="0" timestamp="2025-04-22T11:19:27 IST" skipped="0">
  <testcase classname="org.selendie.learns.Demo" name="testName" time="0.111"/>
</testsuite> <!-- org.selendie.learns.Demo -->
