<?xml version="1.0" encoding="UTF-8"?>
<!-- Generated by org.testng.reporters.JUnitReportReporter -->
<testsuite hostname="Sasikumar" failures="0" tests="1" name="org.adactin.pages.Demoss" time="1.618" errors="0" timestamp="2025-05-01T10:50:50 IST" skipped="0">
  <testcase classname="org.adactin.pages.Demoss" name="testName" time="1.618"/>
</testsuite> <!-- org.adactin.pages.Demoss -->
