<?xml version="1.0" encoding="UTF-8"?>
<!-- Generated by org.testng.reporters.JUnitReportReporter -->
<testsuite hostname="Sasikumar" failures="0" tests="1" name="org.today.tasks.Base" time="3.652" errors="0" timestamp="2025-04-23T14:50:34 IST" skipped="0">
  <testcase classname="org.today.tasks.Base" name="testName" time="3.652"/>
</testsuite> <!-- org.today.tasks.Base -->
