<?xml version="1.0" encoding="UTF-8"?>
<!-- Generated by org.testng.reporters.JUnitReportReporter -->
<testsuite hostname="Sasikumar" failures="0" tests="1" name="org.selendie.learns.Demo" time="0.248" errors="0" timestamp="2025-04-23T10:34:54 IST" skipped="0">
  <testcase classname="org.selendie.learns.Demo" name="testName" time="0.248"/>
</testsuite> <!-- org.selendie.learns.Demo -->
