<?xml version="1.0" encoding="UTF-8"?>
<!-- Generated by org.testng.reporters.JUnitReportReporter -->
<testsuite hostname="Sasikumar" failures="0" tests="3" name="org.adactin.tests.AdactinOpertions" time="3.408" errors="0" timestamp="2025-04-04T11:23:21 IST" skipped="0">
  <testcase classname="org.adactin.tests.AdactinOpertions" name="AdactinLogin" time="1.000"/>
  <testcase classname="org.adactin.tests.AdactinOpertions" name="SearchHotel" time="2.060"/>
  <testcase classname="org.adactin.tests.AdactinOpertions" name="selectHotel" time="0.348"/>
</testsuite> <!-- org.adactin.tests.AdactinOpertions -->
