<?xml version="1.0" encoding="UTF-8"?>
<!-- Generated by org.testng.reporters.JUnitReportReporter -->
<testsuite hostname="Sasikumar" failures="0" tests="2" name="org.adactin.tests.AdactinOpertions" time="5.202" errors="0" timestamp="2025-04-07T14:16:05 IST" skipped="0">
  <testcase classname="org.adactin.tests.AdactinOpertions" name="SearchHotel" time="3.846"/>
  <testcase classname="org.adactin.tests.AdactinOpertions" name="AdactinLogin" time="1.356"/>
</testsuite> <!-- org.adactin.tests.AdactinOpertions -->
