<?xml version="1.0" encoding="UTF-8"?>
<!-- Generated by org.testng.reporters.JUnitReportReporter -->
<testsuite hostname="Sasikumar" failures="0" tests="1" name="org.alerts.Alerts" time="7.074" errors="0" timestamp="2025-04-11T10:38:29 IST" skipped="0">
  <testcase classname="org.alerts.Alerts" name="promptAlert" time="7.074"/>
</testsuite> <!-- org.alerts.Alerts -->
